<?xml version="1.0" encoding="UTF-8"?>
<testng-results ignored="0" total="1" passed="1" failed="0" skipped="0">
  <reporter-output>
  </reporter-output>
  <suite started-at="2021-01-27T15:24:41 CST" name="Default suite" finished-at="2021-01-27T15:26:54 CST" duration-ms="133532">
    <groups>
    </groups>
    <test started-at="2021-01-27T15:24:41 CST" name="Default test" finished-at="2021-01-27T15:26:54 CST" duration-ms="133532">
      <class name="com.cerotid.progressive.test.ProgressivePageTest">
        <test-method is-config="true" signature="setUpTest()[pri:0, instance:com.cerotid.progressive.test.ProgressivePageTest@2aa5fe93]" started-at="2021-01-27T15:24:41 CST" name="setUpTest" finished-at="2021-01-27T15:24:44 CST" duration-ms="2586" status="PASS">
          <reporter-output>
          </reporter-output>
        </test-method> <!-- setUpTest -->
        <test-method signature="AutoQuoteTest()[pri:0, instance:com.cerotid.progressive.test.ProgressivePageTest@2aa5fe93]" started-at="2021-01-27T15:24:44 CST" name="AutoQuoteTest" finished-at="2021-01-27T15:26:54 CST" duration-ms="130444" status="PASS">
          <reporter-output>
          </reporter-output>
        </test-method> <!-- AutoQuoteTest -->
        <test-method is-config="true" signature="Aftertest()[pri:0, instance:com.cerotid.progressive.test.ProgressivePageTest@2aa5fe93]" started-at="2021-01-27T15:26:54 CST" name="Aftertest" finished-at="2021-01-27T15:26:54 CST" duration-ms="444" status="PASS">
          <reporter-output>
          </reporter-output>
        </test-method> <!-- Aftertest -->
      </class> <!-- com.cerotid.progressive.test.ProgressivePageTest -->
    </test> <!-- Default test -->
  </suite> <!-- Default suite -->
</testng-results>
